=== puma startup: 2018-05-01 06:43:15 +0000 ===
=== puma startup: 2018-05-01 06:46:32 +0000 ===
/home/appuser/.rbenv/versions/2.4.2/lib/ruby/gems/2.4.0/gems/puma-3.11.4/lib/puma/binder.rb:65:in `for_fd': Bad file descriptor - not a socket file descriptor (Errno::EBADF)
	from /home/appuser/.rbenv/versions/2.4.2/lib/ruby/gems/2.4.0/gems/puma-3.11.4/lib/puma/binder.rb:65:in `block (2 levels) in import_from_env'
	from /home/appuser/.rbenv/versions/2.4.2/lib/ruby/gems/2.4.0/gems/puma-3.11.4/lib/puma/binder.rb:63:in `times'
	from /home/appuser/.rbenv/versions/2.4.2/lib/ruby/gems/2.4.0/gems/puma-3.11.4/lib/puma/binder.rb:63:in `block in import_from_env'
	from /home/appuser/.rbenv/versions/2.4.2/lib/ruby/gems/2.4.0/gems/puma-3.11.4/lib/puma/binder.rb:57:in `each'
	from /home/appuser/.rbenv/versions/2.4.2/lib/ruby/gems/2.4.0/gems/puma-3.11.4/lib/puma/binder.rb:57:in `import_from_env'
	from /home/appuser/.rbenv/versions/2.4.2/lib/ruby/gems/2.4.0/gems/puma-3.11.4/lib/puma/launcher.rb:52:in `initialize'
	from /home/appuser/.rbenv/versions/2.4.2/lib/ruby/gems/2.4.0/gems/puma-3.11.4/lib/puma/cli.rb:69:in `new'
	from /home/appuser/.rbenv/versions/2.4.2/lib/ruby/gems/2.4.0/gems/puma-3.11.4/lib/puma/cli.rb:69:in `initialize'
	from /home/appuser/.rbenv/versions/2.4.2/lib/ruby/gems/2.4.0/gems/puma-3.11.4/bin/puma:8:in `new'
	from /home/appuser/.rbenv/versions/2.4.2/lib/ruby/gems/2.4.0/gems/puma-3.11.4/bin/puma:8:in `<top (required)>'
	from /home/appuser/.rbenv/versions/2.4.2/bin/puma:23:in `load'
	from /home/appuser/.rbenv/versions/2.4.2/bin/puma:23:in `<main>'
=== puma startup: 2018-05-01 06:55:44 +0000 ===
=== puma startup: 2018-05-01 06:57:33 +0000 ===
=== puma startup: 2018-05-01 07:00:02 +0000 ===
=== puma startup: 2018-05-01 07:00:31 +0000 ===
=== puma startup: 2018-05-01 07:03:18 +0000 ===
=== puma startup: 2018-07-02 20:17:06 +0000 ===
=== puma startup: 2018-07-02 21:46:06 +0000 ===
/home/appuser/.rbenv/versions/2.4.2/lib/ruby/gems/2.4.0/gems/hyrax-2.1.0.rc1/app/views/hyrax/file_sets/media_display/_pdf.html.erb:10: warning: key :data is duplicated and overwritten on line 13
/home/appuser/.rbenv/versions/2.4.2/lib/ruby/gems/2.4.0/gems/hyrax-2.1.0.rc1/app/views/hyrax/file_sets/media_display/_pdf.html.erb:10: warning: key :data is duplicated and overwritten on line 13
/home/appuser/.rbenv/versions/2.4.2/lib/ruby/gems/2.4.0/gems/hyrax-2.1.0.rc1/app/views/hyrax/file_sets/media_display/_pdf.html.erb:10: warning: key :data is duplicated and overwritten on line 13
/home/appuser/.rbenv/versions/2.4.2/lib/ruby/gems/2.4.0/gems/hyrax-2.1.0.rc1/app/views/hyrax/file_sets/media_display/_pdf.html.erb:10: warning: key :data is duplicated and overwritten on line 13
/home/appuser/.rbenv/versions/2.4.2/lib/ruby/gems/2.4.0/gems/hyrax-2.1.0.rc1/app/views/hyrax/file_sets/media_display/_pdf.html.erb:10: warning: key :data is duplicated and overwritten on line 13
/home/appuser/.rbenv/versions/2.4.2/lib/ruby/gems/2.4.0/gems/hyrax-2.1.0.rc1/app/views/hyrax/file_sets/media_display/_pdf.html.erb:10: warning: key :data is duplicated and overwritten on line 13
=== puma startup: 2018-07-03 00:27:34 +0000 ===
=== puma startup: 2018-07-03 00:30:39 +0000 ===
/home/appuser/.rbenv/versions/2.4.2/lib/ruby/gems/2.4.0/gems/hyrax-2.1.0.rc1/app/views/hyrax/file_sets/media_display/_pdf.html.erb:10: warning: key :data is duplicated and overwritten on line 13
/home/appuser/.rbenv/versions/2.4.2/lib/ruby/gems/2.4.0/gems/hyrax-2.1.0.rc1/app/views/hyrax/file_sets/media_display/_pdf.html.erb:10: warning: key :data is duplicated and overwritten on line 13
/home/appuser/.rbenv/versions/2.4.2/lib/ruby/gems/2.4.0/gems/hyrax-2.1.0.rc1/app/views/hyrax/file_sets/media_display/_pdf.html.erb:10: warning: key :data is duplicated and overwritten on line 13
=== puma startup: 2018-07-03 02:35:58 +0000 ===
/home/appuser/.rbenv/versions/2.4.2/lib/ruby/gems/2.4.0/gems/hyrax-2.1.0.rc1/app/views/hyrax/file_sets/media_display/_pdf.html.erb:10: warning: key :data is duplicated and overwritten on line 13
=== puma startup: 2018-07-03 03:41:29 +0000 ===
=== puma startup: 2018-07-03 03:44:34 +0000 ===
=== puma startup: 2018-07-03 03:46:22 +0000 ===
=== puma startup: 2018-07-03 03:59:17 +0000 ===
=== puma startup: 2018-07-03 04:07:53 +0000 ===
=== puma startup: 2018-07-03 04:10:50 +0000 ===
/home/appuser/.rbenv/versions/2.4.2/lib/ruby/gems/2.4.0/gems/hyrax-2.1.0.rc1/app/views/hyrax/file_sets/media_display/_pdf.html.erb:10: warning: key :data is duplicated and overwritten on line 13
/home/appuser/.rbenv/versions/2.4.2/lib/ruby/gems/2.4.0/gems/hyrax-2.1.0.rc1/app/views/hyrax/file_sets/media_display/_pdf.html.erb:10: warning: key :data is duplicated and overwritten on line 13
=== puma startup: 2018-07-03 05:10:32 +0000 ===
=== puma startup: 2018-07-03 05:11:02 +0000 ===
/home/appuser/.rbenv/versions/2.4.2/lib/ruby/gems/2.4.0/gems/hyrax-2.1.0.rc1/app/views/hyrax/file_sets/media_display/_pdf.html.erb:10: warning: key :data is duplicated and overwritten on line 13
/home/appuser/.rbenv/versions/2.4.2/lib/ruby/gems/2.4.0/gems/hyrax-2.1.0.rc1/app/views/hyrax/file_sets/media_display/_pdf.html.erb:10: warning: key :data is duplicated and overwritten on line 13
/home/appuser/.rbenv/versions/2.4.2/lib/ruby/gems/2.4.0/gems/hyrax-2.1.0.rc1/app/views/hyrax/file_sets/media_display/_pdf.html.erb:10: warning: key :data is duplicated and overwritten on line 13
/home/appuser/.rbenv/versions/2.4.2/lib/ruby/gems/2.4.0/gems/hyrax-2.1.0.rc1/app/views/hyrax/file_sets/media_display/_pdf.html.erb:10: warning: key :data is duplicated and overwritten on line 13
/home/appuser/.rbenv/versions/2.4.2/lib/ruby/gems/2.4.0/gems/hyrax-2.1.0.rc1/app/views/hyrax/file_sets/media_display/_pdf.html.erb:10: warning: key :data is duplicated and overwritten on line 13
/home/appuser/.rbenv/versions/2.4.2/lib/ruby/gems/2.4.0/gems/hyrax-2.1.0.rc1/app/views/hyrax/file_sets/media_display/_pdf.html.erb:10: warning: key :data is duplicated and overwritten on line 13
/home/appuser/.rbenv/versions/2.4.2/lib/ruby/gems/2.4.0/gems/hyrax-2.1.0.rc1/app/views/hyrax/file_sets/media_display/_pdf.html.erb:10: warning: key :data is duplicated and overwritten on line 13
/home/appuser/.rbenv/versions/2.4.2/lib/ruby/gems/2.4.0/gems/hyrax-2.1.0.rc1/app/views/hyrax/file_sets/media_display/_pdf.html.erb:10: warning: key :data is duplicated and overwritten on line 13
=== puma startup: 2018-07-03 10:34:34 +0000 ===
/home/appuser/.rbenv/versions/2.4.2/lib/ruby/gems/2.4.0/gems/hyrax-2.1.0.rc1/app/views/hyrax/file_sets/media_display/_pdf.html.erb:10: warning: key :data is duplicated and overwritten on line 13
/home/appuser/.rbenv/versions/2.4.2/lib/ruby/gems/2.4.0/gems/hyrax-2.1.0.rc1/app/views/hyrax/file_sets/media_display/_pdf.html.erb:10: warning: key :data is duplicated and overwritten on line 13
=== puma startup: 2018-07-03 11:02:02 +0000 ===
/home/appuser/.rbenv/versions/2.4.2/lib/ruby/gems/2.4.0/gems/hyrax-2.1.0.rc1/app/views/hyrax/file_sets/media_display/_pdf.html.erb:10: warning: key :data is duplicated and overwritten on line 13
/home/appuser/.rbenv/versions/2.4.2/lib/ruby/gems/2.4.0/gems/hyrax-2.1.0.rc1/app/views/hyrax/file_sets/media_display/_pdf.html.erb:10: warning: key :data is duplicated and overwritten on line 13
/home/appuser/.rbenv/versions/2.4.2/lib/ruby/gems/2.4.0/gems/hyrax-2.1.0.rc1/app/views/hyrax/file_sets/media_display/_pdf.html.erb:10: warning: key :data is duplicated and overwritten on line 13
/home/appuser/.rbenv/versions/2.4.2/lib/ruby/gems/2.4.0/gems/hyrax-2.1.0.rc1/app/views/hyrax/file_sets/media_display/_pdf.html.erb:10: warning: key :data is duplicated and overwritten on line 13
/home/appuser/.rbenv/versions/2.4.2/lib/ruby/gems/2.4.0/gems/hyrax-2.1.0.rc1/app/views/hyrax/file_sets/media_display/_pdf.html.erb:10: warning: key :data is duplicated and overwritten on line 13
/home/appuser/.rbenv/versions/2.4.2/lib/ruby/gems/2.4.0/gems/hyrax-2.1.0.rc1/app/views/hyrax/file_sets/media_display/_pdf.html.erb:10: warning: key :data is duplicated and overwritten on line 13
/home/appuser/.rbenv/versions/2.4.2/lib/ruby/gems/2.4.0/gems/hyrax-2.1.0.rc1/app/views/hyrax/file_sets/media_display/_pdf.html.erb:10: warning: key :data is duplicated and overwritten on line 13
/home/appuser/.rbenv/versions/2.4.2/lib/ruby/gems/2.4.0/gems/hyrax-2.1.0.rc1/app/views/hyrax/file_sets/media_display/_pdf.html.erb:10: warning: key :data is duplicated and overwritten on line 13
/home/appuser/.rbenv/versions/2.4.2/lib/ruby/gems/2.4.0/gems/hyrax-2.1.0.rc1/app/views/hyrax/file_sets/media_display/_pdf.html.erb:10: warning: key :data is duplicated and overwritten on line 13
/home/appuser/.rbenv/versions/2.4.2/lib/ruby/gems/2.4.0/gems/hyrax-2.1.0.rc1/app/views/hyrax/file_sets/media_display/_pdf.html.erb:10: warning: key :data is duplicated and overwritten on line 13
/home/appuser/.rbenv/versions/2.4.2/lib/ruby/gems/2.4.0/gems/hyrax-2.1.0.rc1/app/views/hyrax/file_sets/media_display/_pdf.html.erb:10: warning: key :data is duplicated and overwritten on line 13
/home/appuser/.rbenv/versions/2.4.2/lib/ruby/gems/2.4.0/gems/hyrax-2.1.0.rc1/app/views/hyrax/file_sets/media_display/_pdf.html.erb:10: warning: key :data is duplicated and overwritten on line 13
/home/appuser/.rbenv/versions/2.4.2/lib/ruby/gems/2.4.0/gems/hyrax-2.1.0.rc1/app/views/hyrax/file_sets/media_display/_pdf.html.erb:10: warning: key :data is duplicated and overwritten on line 13
/home/appuser/.rbenv/versions/2.4.2/lib/ruby/gems/2.4.0/gems/hyrax-2.1.0.rc1/app/views/hyrax/file_sets/media_display/_pdf.html.erb:10: warning: key :data is duplicated and overwritten on line 13
/home/appuser/.rbenv/versions/2.4.2/lib/ruby/gems/2.4.0/gems/hyrax-2.1.0.rc1/app/views/hyrax/file_sets/media_display/_pdf.html.erb:10: warning: key :data is duplicated and overwritten on line 13
/home/appuser/.rbenv/versions/2.4.2/lib/ruby/gems/2.4.0/gems/hyrax-2.1.0.rc1/app/views/hyrax/file_sets/media_display/_pdf.html.erb:10: warning: key :data is duplicated and overwritten on line 13
/home/appuser/.rbenv/versions/2.4.2/lib/ruby/gems/2.4.0/gems/hyrax-2.1.0.rc1/app/views/hyrax/file_sets/media_display/_pdf.html.erb:10: warning: key :data is duplicated and overwritten on line 13
/home/appuser/.rbenv/versions/2.4.2/lib/ruby/gems/2.4.0/gems/hyrax-2.1.0.rc1/app/views/hyrax/file_sets/media_display/_pdf.html.erb:10: warning: key :data is duplicated and overwritten on line 13
/home/appuser/.rbenv/versions/2.4.2/lib/ruby/gems/2.4.0/gems/hyrax-2.1.0.rc1/app/views/hyrax/file_sets/media_display/_pdf.html.erb:10: warning: key :data is duplicated and overwritten on line 13
/home/appuser/.rbenv/versions/2.4.2/lib/ruby/gems/2.4.0/gems/hyrax-2.1.0.rc1/app/views/hyrax/file_sets/media_display/_pdf.html.erb:10: warning: key :data is duplicated and overwritten on line 13
/home/appuser/.rbenv/versions/2.4.2/lib/ruby/gems/2.4.0/gems/hyrax-2.1.0.rc1/app/views/hyrax/file_sets/media_display/_pdf.html.erb:10: warning: key :data is duplicated and overwritten on line 13
/home/appuser/.rbenv/versions/2.4.2/lib/ruby/gems/2.4.0/gems/hyrax-2.1.0.rc1/app/views/hyrax/file_sets/media_display/_pdf.html.erb:10: warning: key :data is duplicated and overwritten on line 13
/home/appuser/.rbenv/versions/2.4.2/lib/ruby/gems/2.4.0/gems/hyrax-2.1.0.rc1/app/views/hyrax/file_sets/media_display/_pdf.html.erb:10: warning: key :data is duplicated and overwritten on line 13
/home/appuser/.rbenv/versions/2.4.2/lib/ruby/gems/2.4.0/gems/hyrax-2.1.0.rc1/app/views/hyrax/file_sets/media_display/_pdf.html.erb:10: warning: key :data is duplicated and overwritten on line 13
/home/appuser/.rbenv/versions/2.4.2/lib/ruby/gems/2.4.0/gems/hyrax-2.1.0.rc1/app/views/hyrax/file_sets/media_display/_pdf.html.erb:10: warning: key :data is duplicated and overwritten on line 13
=== puma startup: 2018-07-06 09:43:45 +0000 ===
=== puma startup: 2018-07-06 09:44:35 +0000 ===
=== puma startup: 2018-07-06 09:48:40 +0000 ===
=== puma startup: 2018-07-09 11:24:27 +0000 ===
=== puma startup: 2018-07-13 11:37:10 +0000 ===
=== puma startup: 2018-07-13 11:54:20 +0000 ===
=== puma startup: 2018-07-16 23:11:58 +0000 ===
=== puma startup: 2018-07-16 23:21:12 +0000 ===
=== puma startup: 2018-07-16 23:30:33 +0000 ===
=== puma startup: 2018-07-16 23:35:46 +0000 ===
=== puma startup: 2018-07-17 01:43:19 +0000 ===
=== puma startup: 2018-07-17 01:45:05 +0000 ===
=== puma startup: 2018-07-17 02:00:31 +0000 ===
=== puma startup: 2018-07-17 02:15:12 +0000 ===
/home/appuser/.rbenv/versions/2.4.2/lib/ruby/gems/2.4.0/gems/hyrax-2.1.0/app/views/hyrax/file_sets/media_display/_pdf.html.erb:10: warning: key :data is duplicated and overwritten on line 13
/home/appuser/.rbenv/versions/2.4.2/lib/ruby/gems/2.4.0/gems/hyrax-2.1.0/app/views/hyrax/file_sets/media_display/_pdf.html.erb:10: warning: key :data is duplicated and overwritten on line 13
/home/appuser/.rbenv/versions/2.4.2/lib/ruby/gems/2.4.0/gems/hyrax-2.1.0/app/views/hyrax/file_sets/media_display/_pdf.html.erb:10: warning: key :data is duplicated and overwritten on line 13
/home/appuser/.rbenv/versions/2.4.2/lib/ruby/gems/2.4.0/gems/hyrax-2.1.0/app/views/hyrax/file_sets/media_display/_pdf.html.erb:10: warning: key :data is duplicated and overwritten on line 13
/home/appuser/.rbenv/versions/2.4.2/lib/ruby/gems/2.4.0/gems/hyrax-2.1.0/app/views/hyrax/file_sets/media_display/_pdf.html.erb:10: warning: key :data is duplicated and overwritten on line 13
=== puma startup: 2018-07-18 22:58:53 +0000 ===
=== puma startup: 2018-07-18 23:24:10 +0000 ===
=== puma startup: 2018-07-18 23:26:39 +0000 ===
=== puma startup: 2018-07-18 23:30:11 +0000 ===
=== puma startup: 2018-07-18 23:34:21 +0000 ===
=== puma startup: 2018-07-18 23:37:28 +0000 ===
=== puma startup: 2018-07-18 23:57:15 +0000 ===
/home/appuser/.rbenv/versions/2.4.2/lib/ruby/gems/2.4.0/gems/hyrax-2.1.0/app/views/hyrax/file_sets/media_display/_pdf.html.erb:10: warning: key :data is duplicated and overwritten on line 13
/home/appuser/.rbenv/versions/2.4.2/lib/ruby/gems/2.4.0/gems/hyrax-2.1.0/app/views/hyrax/file_sets/media_display/_pdf.html.erb:10: warning: key :data is duplicated and overwritten on line 13
/home/appuser/.rbenv/versions/2.4.2/lib/ruby/gems/2.4.0/gems/hyrax-2.1.0/app/views/hyrax/file_sets/media_display/_pdf.html.erb:10: warning: key :data is duplicated and overwritten on line 13
/home/appuser/.rbenv/versions/2.4.2/lib/ruby/gems/2.4.0/gems/hyrax-2.1.0/app/views/hyrax/file_sets/media_display/_pdf.html.erb:10: warning: key :data is duplicated and overwritten on line 13
=== puma startup: 2018-11-05 12:30:53 +0000 ===
=== puma startup: 2018-11-05 12:40:50 +0000 ===
